This is pdfTeX, Version 3.14159265-2.6-1.40.19 (MiKTeX 2.9.6930 64-bit) (preloaded format=pdflatex 2019.1.31)  2 FEB 2019 02:45
entering extended mode
**./Pendulum.tex
(Pendulum.tex
LaTeX2e <2018-12-01>

("C:\Users\Jack Corbin\AppData\Local\Programs\MiKTeX 2.9\tex/latex/base\article
.cls"
Document Class: article 2018/09/03 v1.4i Standard LaTeX document class

("C:\Users\Jack Corbin\AppData\Local\Programs\MiKTeX 2.9\tex/latex/base\size10.
clo"
File: size10.clo 2018/09/03 v1.4i Standard LaTeX file (size option)
)
\c@part=\count80
\c@section=\count81
\c@subsection=\count82
\c@subsubsection=\count83
\c@paragraph=\count84
\c@subparagraph=\count85
\c@figure=\count86
\c@table=\count87
\abovecaptionskip=\skip41
\belowcaptionskip=\skip42
\bibindent=\dimen102
)
("C:\Users\Jack Corbin\AppData\Local\Programs\MiKTeX 2.9\tex/latex/graphics\gra
phicx.sty"
Package: graphicx 2017/06/01 v1.1a Enhanced LaTeX Graphics (DPC,SPQR)

("C:\Users\Jack Corbin\AppData\Local\Programs\MiKTeX 2.9\tex/latex/graphics\key
val.sty"
Package: keyval 2014/10/28 v1.15 key=value parser (DPC)
\KV@toks@=\toks14
)
("C:\Users\Jack Corbin\AppData\Local\Programs\MiKTeX 2.9\tex/latex/graphics\gra
phics.sty"
Package: graphics 2017/06/25 v1.2c Standard LaTeX Graphics (DPC,SPQR)

("C:\Users\Jack Corbin\AppData\Local\Programs\MiKTeX 2.9\tex/latex/graphics\tri
g.sty"
Package: trig 2016/01/03 v1.10 sin cos tan (DPC)
)
("C:\Users\Jack Corbin\AppData\Local\Programs\MiKTeX 2.9\tex/latex/graphics-cfg
\graphics.cfg"
File: graphics.cfg 2016/06/04 v1.11 sample graphics configuration
)
Package graphics Info: Driver file: pdftex.def on input line 99.

("C:\Users\Jack Corbin\AppData\Local\Programs\MiKTeX 2.9\tex/latex/graphics-def
\pdftex.def"
File: pdftex.def 2018/01/08 v1.0l Graphics/color driver for pdftex
))
\Gin@req@height=\dimen103
\Gin@req@width=\dimen104
)
("C:\Users\Jack Corbin\AppData\Local\Programs\MiKTeX 2.9\tex/latex/graphics\col
or.sty"
Package: color 2016/07/10 v1.1e Standard LaTeX Color (DPC)

("C:\Users\Jack Corbin\AppData\Local\Programs\MiKTeX 2.9\tex/latex/graphics-cfg
\color.cfg"
File: color.cfg 2016/01/02 v1.6 sample color configuration
)
Package color Info: Driver file: pdftex.def on input line 147.
)
("C:\Users\Jack Corbin\AppData\Local\Programs\MiKTeX 2.9\tex/latex/tools\bm.sty
"
Package: bm 2017/01/16 v1.2c Bold Symbol Support (DPC/FMi)
\symboldoperators=\mathgroup4
\symboldletters=\mathgroup5
\symboldsymbols=\mathgroup6
LaTeX Font Info:    Redeclaring math alphabet \mathbf on input line 141.
LaTeX Info: Redefining \bm on input line 207.
)
("C:\Users\Jack Corbin\AppData\Local\Programs\MiKTeX 2.9\tex/latex/amsmath\amsm
ath.sty"
Package: amsmath 2018/12/01 v2.17b AMS math features
\@mathmargin=\skip43

For additional information on amsmath, use the `?' option.

("C:\Users\Jack Corbin\AppData\Local\Programs\MiKTeX 2.9\tex/latex/amsmath\amst
ext.sty"
Package: amstext 2000/06/29 v2.01 AMS text

("C:\Users\Jack Corbin\AppData\Local\Programs\MiKTeX 2.9\tex/latex/amsmath\amsg
en.sty"
File: amsgen.sty 1999/11/30 v2.0 generic functions
\@emptytoks=\toks15
\ex@=\dimen105
))
("C:\Users\Jack Corbin\AppData\Local\Programs\MiKTeX 2.9\tex/latex/amsmath\amsb
sy.sty"
Package: amsbsy 1999/11/29 v1.2d Bold Symbols
LaTeX Info: Redefining \boldsymbol on input line 28.
\pmbraise@=\dimen106
)
("C:\Users\Jack Corbin\AppData\Local\Programs\MiKTeX 2.9\tex/latex/amsmath\amso
pn.sty"
Package: amsopn 2016/03/08 v2.02 operator names
)
\inf@bad=\count88
LaTeX Info: Redefining \frac on input line 223.
\uproot@=\count89
\leftroot@=\count90
LaTeX Info: Redefining \overline on input line 385.
\classnum@=\count91
\DOTSCASE@=\count92
LaTeX Info: Redefining \ldots on input line 482.
LaTeX Info: Redefining \dots on input line 485.
LaTeX Info: Redefining \cdots on input line 606.
\Mathstrutbox@=\box27
\strutbox@=\box28
\big@size=\dimen107
LaTeX Font Info:    Redeclaring font encoding OML on input line 729.
LaTeX Font Info:    Redeclaring font encoding OMS on input line 730.
\macc@depth=\count93
\c@MaxMatrixCols=\count94
\dotsspace@=\muskip10
\c@parentequation=\count95
\dspbrk@lvl=\count96
\tag@help=\toks16
\row@=\count97
\column@=\count98
\maxfields@=\count99
\andhelp@=\toks17
\eqnshift@=\dimen108
\alignsep@=\dimen109
\tagshift@=\dimen110
\tagwidth@=\dimen111
\totwidth@=\dimen112
\lineht@=\dimen113
\@envbody=\toks18
\multlinegap=\skip44
\multlinetaggap=\skip45
\mathdisplay@stack=\toks19
LaTeX Info: Redefining \[ on input line 2844.
LaTeX Info: Redefining \] on input line 2845.
) (Pendulum.aux)
\openout1 = `Pendulum.aux'.

LaTeX Font Info:    Checking defaults for OML/cmm/m/it on input line 11.
LaTeX Font Info:    ... okay on input line 11.
LaTeX Font Info:    Checking defaults for T1/cmr/m/n on input line 11.
LaTeX Font Info:    ... okay on input line 11.
LaTeX Font Info:    Checking defaults for OT1/cmr/m/n on input line 11.
LaTeX Font Info:    ... okay on input line 11.
LaTeX Font Info:    Checking defaults for OMS/cmsy/m/n on input line 11.
LaTeX Font Info:    ... okay on input line 11.
LaTeX Font Info:    Checking defaults for OMX/cmex/m/n on input line 11.
LaTeX Font Info:    ... okay on input line 11.
LaTeX Font Info:    Checking defaults for U/cmr/m/n on input line 11.
LaTeX Font Info:    ... okay on input line 11.

("C:\Users\Jack Corbin\AppData\Local\Programs\MiKTeX 2.9\tex/context/base\supp-
pdf.mkii"
[Loading MPS to PDF converter (version 2006.09.02).]
\scratchcounter=\count100
\scratchdimen=\dimen114
\scratchbox=\box29
\nofMPsegments=\count101
\nofMParguments=\count102
\everyMPshowfont=\toks20
\MPscratchCnt=\count103
\MPscratchDim=\dimen115
\MPnumerator=\count104
\makeMPintoPDFobject=\count105
\everyMPtoPDFconversion=\toks21
)
("C:\Users\Jack Corbin\AppData\Local\Programs\MiKTeX 2.9\tex/latex/oberdiek\eps
topdf-base.sty"
Package: epstopdf-base 2016/05/15 v2.6 Base part for package epstopdf

("C:\Users\Jack Corbin\AppData\Local\Programs\MiKTeX 2.9\tex/generic/oberdiek\i
nfwarerr.sty"
Package: infwarerr 2016/05/16 v1.4 Providing info/warning/error messages (HO)
)
("C:\Users\Jack Corbin\AppData\Local\Programs\MiKTeX 2.9\tex/latex/oberdiek\grf
ext.sty"
Package: grfext 2016/05/16 v1.2 Manage graphics extensions (HO)

("C:\Users\Jack Corbin\AppData\Local\Programs\MiKTeX 2.9\tex/generic/oberdiek\k
vdefinekeys.sty"
Package: kvdefinekeys 2016/05/16 v1.4 Define keys (HO)

("C:\Users\Jack Corbin\AppData\Local\Programs\MiKTeX 2.9\tex/generic/oberdiek\l
txcmds.sty"
Package: ltxcmds 2016/05/16 v1.23 LaTeX kernel commands for general use (HO)
)))
("C:\Users\Jack Corbin\AppData\Local\Programs\MiKTeX 2.9\tex/latex/oberdiek\kvo
ptions.sty"
Package: kvoptions 2016/05/16 v3.12 Key value format for package options (HO)

("C:\Users\Jack Corbin\AppData\Local\Programs\MiKTeX 2.9\tex/generic/oberdiek\k
vsetkeys.sty"
Package: kvsetkeys 2016/05/16 v1.17 Key value parser (HO)

("C:\Users\Jack Corbin\AppData\Local\Programs\MiKTeX 2.9\tex/generic/oberdiek\e
texcmds.sty"
Package: etexcmds 2016/05/16 v1.6 Avoid name clashes with e-TeX commands (HO)

("C:\Users\Jack Corbin\AppData\Local\Programs\MiKTeX 2.9\tex/generic/oberdiek\i
fluatex.sty"
Package: ifluatex 2016/05/16 v1.4 Provides the ifluatex switch (HO)
Package ifluatex Info: LuaTeX not detected.
))))
("C:\Users\Jack Corbin\AppData\Local\Programs\MiKTeX 2.9\tex/generic/oberdiek\p
dftexcmds.sty"
Package: pdftexcmds 2018/09/10 v0.29 Utility functions of pdfTeX for LuaTeX (HO
)

("C:\Users\Jack Corbin\AppData\Local\Programs\MiKTeX 2.9\tex/generic/oberdiek\i
fpdf.sty"
Package: ifpdf 2018/09/07 v3.3 Provides the ifpdf switch
)
Package pdftexcmds Info: LuaTeX not detected.
Package pdftexcmds Info: \pdf@primitive is available.
Package pdftexcmds Info: \pdf@ifprimitive is available.
Package pdftexcmds Info: \pdfdraftmode found.
)
Package epstopdf-base Info: Redefining graphics rule for `.eps' on input line 4
38.
Package grfext Info: Graphics extension search list:
(grfext)             [.pdf,.png,.jpg,.mps,.jpeg,.jbig2,.jb2,.PDF,.PNG,.JPG,.JPE
G,.JBIG2,.JB2,.eps]
(grfext)             \AppendGraphicsExtensions on input line 456.
) [1

{C:/Users/Jack Corbin/AppData/Local/MiKTeX/2.9/pdftex/config/pdftex.map}] (Pend
ulum.toc)
\tf@toc=\write3
\openout3 = `Pendulum.toc'.

 [2]
<figure1.jpg, id=13, 503.63156pt x 450.9347pt>
File: figure1.jpg Graphic file (type jpg)
<use figure1.jpg>
Package pdftex.def Info: figure1.jpg  used on input line 26.
(pdftex.def)             Requested size: 345.0pt x 308.90216pt.
<FreeBody.jpg, id=14, 602.25pt x 451.6875pt>
File: FreeBody.jpg Graphic file (type jpg)
<use FreeBody.jpg>
Package pdftex.def Info: FreeBody.jpg  used on input line 37.
(pdftex.def)             Requested size: 345.0pt x 258.76027pt.


LaTeX Warning: `h' float specifier changed to `ht'.

[3 <./figure1.jpg>] [4 <./FreeBody.jpg>]
<Basis.jpg, id=28, 402.75468pt x 250.68657pt>
File: Basis.jpg Graphic file (type jpg)
<use Basis.jpg>
Package pdftex.def Info: Basis.jpg  used on input line 65.
(pdftex.def)             Requested size: 345.0pt x 214.73705pt.
 [5 <./Basis.jpg>] [6] [7] [8]
Package epstopdf Info: Source file: <Pendulum_03.eps>
(epstopdf)                    date: 2019-01-31 19:05:18
(epstopdf)                    size: 40317 bytes
(epstopdf)             Output file: <Pendulum_03-eps-converted-to.pdf>
(epstopdf)                    date: 2019-01-31 21:31:03
(epstopdf)                    size: 18733 bytes
(epstopdf)             Command: <epstopdf --outfile=Pendulum_03-eps-converted-t
o.pdf Pendulum_03.eps>
(epstopdf)             \includegraphics on input line 155.
Package epstopdf Info: Output file is already uptodate.


pdfTeX warning: pdflatex (file ./Pendulum_03-eps-converted-to.pdf): PDF inclusi
on: found PDF version <1.7>, but at most version <1.5> allowed
<Pendulum_03-eps-converted-to.pdf, id=44, 393.47pt x 302.12875pt>
File: Pendulum_03-eps-converted-to.pdf Graphic file (type pdf)
<use Pendulum_03-eps-converted-to.pdf>
Package pdftex.def Info: Pendulum_03-eps-converted-to.pdf  used on input line 1
55.
(pdftex.def)             Requested size: 345.0pt x 264.9106pt.
[9 <./Pendulum_03-eps-converted-to.pdf>]
Package epstopdf Info: Source file: <Pendulum_06.eps>
(epstopdf)                    date: 2019-01-31 19:05:20
(epstopdf)                    size: 40105 bytes
(epstopdf)             Output file: <Pendulum_06-eps-converted-to.pdf>
(epstopdf)                    date: 2019-01-31 21:31:03
(epstopdf)                    size: 18825 bytes
(epstopdf)             Command: <epstopdf --outfile=Pendulum_06-eps-converted-t
o.pdf Pendulum_06.eps>
(epstopdf)             \includegraphics on input line 163.
Package epstopdf Info: Output file is already uptodate.


pdfTeX warning: pdflatex (file ./Pendulum_06-eps-converted-to.pdf): PDF inclusi
on: found PDF version <1.7>, but at most version <1.5> allowed
<Pendulum_06-eps-converted-to.pdf, id=56, 393.47pt x 303.1325pt>
File: Pendulum_06-eps-converted-to.pdf Graphic file (type pdf)
<use Pendulum_06-eps-converted-to.pdf>
Package pdftex.def Info: Pendulum_06-eps-converted-to.pdf  used on input line 1
63.
(pdftex.def)             Requested size: 345.0pt x 265.79071pt.
[10 <./Pendulum_06-eps-converted-to.pdf>]
Overfull \hbox (32.9967pt too wide) in paragraph at lines 209--209
[]\OT1/cmtt/m/n/10 initial_conditions = [75 * pi / 180; 0]; %initial conditions
 [deg deg/s][] 
 []


Overfull \hbox (22.4968pt too wide) in paragraph at lines 209--209
[]\OT1/cmtt/m/n/10 fname = 'PendulumFuncDrag'; %Setting name of the .m file for
 the state[] 
 []

[11]
Overfull \hbox (32.9967pt too wide) in paragraph at lines 238--238
[]\OT1/cmtt/m/n/10 legend('Numerical with Drag', 'Numerical without Drag', 'Ana
lytical',...[] 
 []


Overfull \hbox (38.24666pt too wide) in paragraph at lines 257--257
[]\OT1/cmtt/m/n/10 initial_conditions = [170 * pi / 180; 0]; %initial condition
s [deg deg/s][] 
 []


Overfull \hbox (22.4968pt too wide) in paragraph at lines 257--257
[]\OT1/cmtt/m/n/10 fname = 'PendulumFuncDrag'; %Setting name of the .m file for
 the state[] 
 []


Overfull \hbox (32.9967pt too wide) in paragraph at lines 286--286
[]\OT1/cmtt/m/n/10 legend('Numerical with Drag', 'Numerical without Drag', 'Ana
lytical',...[] 
 []

[12]
Overfull \hbox (111.74602pt too wide) in paragraph at lines 305--305
[]\OT1/cmtt/m/n/10 % Program determine the first order time derivatives of vari
able vector y = [y1,y2] for[] 
 []


Overfull \hbox (11.99689pt too wide) in paragraph at lines 305--305
[] \OT1/cmtt/m/n/10 dydt = zeros(size(y)); % initialize to zero and makes colum
n vector[] 
 []


Overfull \hbox (111.74602pt too wide) in paragraph at lines 322--322
[]\OT1/cmtt/m/n/10 % Program determine the first order time derivatives of vari
able vector y = [y1,y2] for[] 
 []


Overfull \hbox (11.99689pt too wide) in paragraph at lines 322--322
[] \OT1/cmtt/m/n/10 dydt = zeros(size(y)); % initialize to zero and makes colum
n vector[] 
 []


Overfull \hbox (190.49533pt too wide) in paragraph at lines 322--322
[] \OT1/cmtt/m/n/10 dydt(2) = (-sign(y(2)) * rho * L * drag_coefficient * y(2)^
2 * area) / (2 * m) - (g * sin(y(1))) / L;[] 
 []

[13] (Pendulum.aux) ) 
Here is how much of TeX's memory you used:
 2233 strings out of 492946
 31840 string characters out of 3123600
 99695 words of memory out of 3000000
 6088 multiletter control sequences out of 15000+200000
 14448 words of font info for 51 fonts, out of 3000000 for 9000
 1141 hyphenation exceptions out of 8191
 41i,8n,25p,811b,253s stack positions out of 5000i,500n,10000p,200000b,50000s
<C:/Users/Jack Corbin/AppData/Local/Programs/MiKTeX 2.9/fo
nts/type1/public/amsfonts/cm/cmbx10.pfb><C:/Users/Jack Corbin/AppData/Local/Pro
grams/MiKTeX 2.9/fonts/type1/public/amsfonts/cm/cmbx12.pfb><C:/Users/Jack Corbi
n/AppData/Local/Programs/MiKTeX 2.9/fonts/type1/public/amsfonts/cm/cmex10.pfb><
C:/Users/Jack Corbin/AppData/Local/Programs/MiKTeX 2.9/fonts/type1/public/amsfo
nts/cm/cmmi10.pfb><C:/Users/Jack Corbin/AppData/Local/Programs/MiKTeX 2.9/fonts
/type1/public/amsfonts/cm/cmmi5.pfb><C:/Users/Jack Corbin/AppData/Local/Program
s/MiKTeX 2.9/fonts/type1/public/amsfonts/cm/cmmi7.pfb><C:/Users/Jack Corbin/App
Data/Local/Programs/MiKTeX 2.9/fonts/type1/public/amsfonts/cm/cmr10.pfb><C:/Use
rs/Jack Corbin/AppData/Local/Programs/MiKTeX 2.9/fonts/type1/public/amsfonts/cm
/cmr12.pfb><C:/Users/Jack Corbin/AppData/Local/Programs/MiKTeX 2.9/fonts/type1/
public/amsfonts/cm/cmr17.pfb><C:/Users/Jack Corbin/AppData/Local/Programs/MiKTe
X 2.9/fonts/type1/public/amsfonts/cm/cmr5.pfb><C:/Users/Jack Corbin/AppData/Loc
al/Programs/MiKTeX 2.9/fonts/type1/public/amsfonts/cm/cmr7.pfb><C:/Users/Jack C
orbin/AppData/Local/Programs/MiKTeX 2.9/fonts/type1/public/amsfonts/cm/cmsy10.p
fb><C:/Users/Jack Corbin/AppData/Local/Programs/MiKTeX 2.9/fonts/type1/public/a
msfonts/cm/cmsy7.pfb><C:/Users/Jack Corbin/AppData/Local/Programs/MiKTeX 2.9/fo
nts/type1/public/amsfonts/cm/cmti10.pfb><C:/Users/Jack Corbin/AppData/Local/Pro
grams/MiKTeX 2.9/fonts/type1/public/amsfonts/cm/cmtt10.pfb>
Output written on Pendulum.pdf (13 pages, 328548 bytes).
PDF statistics:
 126 PDF objects out of 1000 (max. 8388607)
 0 named destinations out of 1000 (max. 500000)
 26 words of extra memory for PDF output out of 10000 (max. 10000000)

